<svg viewBox="0 0 0 0" xmlns="http://www.w3.org/2000/svg">
    <ellipse cx="50.000000" cy="50.000000" rx="15.000000" ry="30.000000" fill="rgb(255, 0, 0)">
        <animate attributeName="x" attributeType="XML" from="50.0" to="100.0" begin="2.0"
                 dur="4.0s"/>
        <animate attributeName="y" attributeType="XML" from="50.0" to="100.0" begin="2.0"
                 dur="4.0s"/>
    </ellipse>
</svg>